<?xml version="1.0" encoding="UTF-8"?>
<testsuite name="JumpSearchTest" tests="3" skipped="0" failures="0" errors="0" timestamp="2019-05-19T18:17:13" hostname="DESKTOP-BATPDDL" time="0.012">
  <properties/>
  <testcase name="search()" classname="JumpSearchTest" time="0.008"/>
  <testcase name="searchFail()" classname="JumpSearchTest" time="0.002"/>
  <testcase name="searchFail2()" classname="JumpSearchTest" time="0.0"/>
  <system-out><![CDATA[]]></system-out>
  <system-err><![CDATA[]]></system-err>
</testsuite>
